<?xml version="1.0" encoding="UTF-8"?>
<testng-results ignored="0" total="3" passed="3" failed="0" skipped="0">
  <reporter-output>
  </reporter-output>
  <suite started-at="2023-10-02T15:16:52 IST" name="Default suite" finished-at="2023-10-02T15:17:23 IST" duration-ms="31305">
    <groups>
    </groups>
    <test started-at="2023-10-02T15:16:52 IST" name="Default test" finished-at="2023-10-02T15:17:23 IST" duration-ms="31305">
      <class name="Scripts.Clstask6">
        <test-method signature="Amazon()[pri:0, instance:Scripts.Clstask6@c88a337]" started-at="2023-10-02T15:16:52 IST" name="Amazon" finished-at="2023-10-02T15:17:03 IST" duration-ms="11770" status="PASS">
          <reporter-output>
          </reporter-output>
        </test-method> <!-- Amazon -->
        <test-method signature="Mmt()[pri:0, instance:Scripts.Clstask6@c88a337]" started-at="2023-10-02T15:17:04 IST" name="Mmt" finished-at="2023-10-02T15:17:13 IST" duration-ms="9407" status="PASS">
          <reporter-output>
          </reporter-output>
        </test-method> <!-- Mmt -->
        <test-method signature="Shaadi()[pri:0, instance:Scripts.Clstask6@c88a337]" started-at="2023-10-02T15:17:13 IST" name="Shaadi" finished-at="2023-10-02T15:17:23 IST" duration-ms="10067" status="PASS">
          <reporter-output>
          </reporter-output>
        </test-method> <!-- Shaadi -->
      </class> <!-- Scripts.Clstask6 -->
    </test> <!-- Default test -->
  </suite> <!-- Default suite -->
</testng-results>
